<?xml version="1.0" encoding="UTF-8"?>
<!-- Generated by org.testng.reporters.JUnitReportReporter -->
<testsuite hostname="QT-INBG-LT1022" failures="0" tests="1" name="Signin" time="10.967" errors="0" timestamp="2022-10-13T12:57:13 IST" skipped="0">
  <testcase classname="Signin" name="login" time="10.967"/>
  <system-out/>
</testsuite> <!-- Signin -->
