<?xml version="1.0" encoding="UTF-8"?>
<!-- Generated by org.testng.reporters.JUnitReportReporter -->
<testsuite hostname="QT-INBG-LT1022" failures="0" tests="6" name="Mobiles" time="29.124" errors="0" timestamp="2022-10-17T09:48:05 IST" skipped="0">
  <testcase classname="Mobiles" name="allMobiles" time="4.707"/>
  <system-out/>
  <testcase classname="Mobiles" name="searchLenovo" time="4.754"/>
  <system-out/>
  <testcase classname="Mobiles" name="searchSamsung" time="5.132"/>
  <system-out/>
  <testcase classname="Mobiles" name="wrongApple" time="4.702"/>
  <system-out/>
  <testcase classname="Mobiles" name="twoCharacter" time="4.850"/>
  <system-out/>
  <testcase classname="Mobiles" name="order" time="4.979"/>
  <system-out/>
</testsuite> <!-- Mobiles -->
