<?xml version="1.0" encoding="UTF-8"?>
<!-- Generated by org.testng.reporters.JUnitReportReporter -->
<testsuite hostname="QT-INBG-LT1022" failures="0" tests="1" name="Signup" time="18.213" errors="0" timestamp="2022-10-13T10:37:22 IST" skipped="0">
  <testcase classname="Signup" name="demo" time="18.213"/>
  <system-out/>
</testsuite> <!-- Signup -->
