<?xml version="1.0" encoding="UTF-8"?>
<!-- Generated by org.testng.reporters.JUnitReportReporter -->
<testsuite hostname="QT-INBG-LT1022" failures="0" tests="1" name="mobileworld.signin" time="12.176" errors="0" timestamp="2022-09-19T09:42:16 IST" skipped="0">
  <testcase classname="mobileworld.signin" name="F" time="12.176"/>
  <system-out/>
</testsuite> <!-- mobileworld.signin -->
